<?xml version="1.0" encoding="UTF-8"?>
<testng-results ignored="0" total="2" passed="2" failed="0" skipped="0">
  <reporter-output>
  </reporter-output>
  <suite started-at="2021-11-09T14:02:45 IST" name="Suite" finished-at="2021-11-09T14:03:17 IST" duration-ms="32275">
    <groups>
    </groups>
    <test started-at="2021-11-09T14:02:45 IST" name="test2" finished-at="2021-11-09T14:03:17 IST" duration-ms="32275">
      <class name="com.qa.TC002_RecruitmentSearch_Duplicate">
        <test-method is-config="true" signature="initilize()[pri:0, instance:com.qa.TC002_RecruitmentSearch_Duplicate@5305c37d]" started-at="2021-11-09T14:02:45 IST" name="initilize" finished-at="2021-11-09T14:03:06 IST" duration-ms="21001" status="PASS">
          <reporter-output>
          </reporter-output>
        </test-method> <!-- initilize -->
        <test-method signature="loginValidation()[pri:0, instance:com.qa.TC002_RecruitmentSearch_Duplicate@5305c37d]" started-at="2021-11-09T14:03:06 IST" name="loginValidation" finished-at="2021-11-09T14:03:15 IST" duration-ms="9024" status="PASS">
          <reporter-output>
          </reporter-output>
        </test-method> <!-- loginValidation -->
        <test-method is-config="true" signature="tearDown()[pri:0, instance:com.qa.TC002_RecruitmentSearch_Duplicate@5305c37d]" started-at="2021-11-09T14:03:15 IST" name="tearDown" finished-at="2021-11-09T14:03:17 IST" duration-ms="2158" status="PASS">
          <reporter-output>
          </reporter-output>
        </test-method> <!-- tearDown -->
      </class> <!-- com.qa.TC002_RecruitmentSearch_Duplicate -->
    </test> <!-- test2 -->
    <test started-at="2021-11-09T14:02:45 IST" name="test1" finished-at="2021-11-09T14:03:17 IST" duration-ms="31910">
      <class name="com.qa.TC001_RecruitmentSearch">
        <test-method is-config="true" signature="initilize()[pri:0, instance:com.qa.TC001_RecruitmentSearch@63fd4873]" started-at="2021-11-09T14:02:45 IST" name="initilize" finished-at="2021-11-09T14:03:07 IST" duration-ms="21769" status="PASS">
          <reporter-output>
          </reporter-output>
        </test-method> <!-- initilize -->
        <test-method signature="loginValidation()[pri:0, instance:com.qa.TC001_RecruitmentSearch@63fd4873]" started-at="2021-11-09T14:03:07 IST" name="loginValidation" finished-at="2021-11-09T14:03:15 IST" duration-ms="7803" status="PASS">
          <reporter-output>
          </reporter-output>
        </test-method> <!-- loginValidation -->
        <test-method is-config="true" signature="tearDown()[pri:0, instance:com.qa.TC001_RecruitmentSearch@63fd4873]" started-at="2021-11-09T14:03:15 IST" name="tearDown" finished-at="2021-11-09T14:03:17 IST" duration-ms="2304" status="PASS">
          <reporter-output>
          </reporter-output>
        </test-method> <!-- tearDown -->
      </class> <!-- com.qa.TC001_RecruitmentSearch -->
    </test> <!-- test1 -->
  </suite> <!-- Suite -->
</testng-results>
