<?xml version="1.0" encoding="UTF-8"?>
<testsuite xmlns:xsi="http://www.w3.org/2001/XMLSchema-instance" xsi:noNamespaceSchemaLocation="https://maven.apache.org/surefire/maven-surefire-plugin/xsd/surefire-test-report-3.0.xsd" version="3.0" name="TestSuite" time="135.019" tests="2" errors="0" skipped="0" failures="1">
  <properties>
[...]
</properties>
  <testcase name="feature[Orange HRM - Assign Leave functionality](1)" classname="cucumber.options.TestRunner" time="29.352">
    <system-out><![CDATA[Feature: Orange HRM - Assign Leave functionality
chrome
Dashboard
window: CDwindow-C33D404C8DD46B46007C8442F38A26A0

  Scenario: Validate Assign Leave Functionality                                                       # orangeHRM_assign_leave.feature:3
    Given I navigate to Orange HRM page                                                               # StepDefinition.i_navigate_to_orange_hrm_page()
    And I enter username "Admin"                                                                      # StepDefinition.i_enter_username_something(String)
    And I enter password "admin123"                                                                   # StepDefinition.i_enter_password_something(String)
    When I click on Login button                                                                      # StepDefinition.i_click_on_login_button()
    Then I validate text "Dashboard" on homepage                                                      # StepDefinition.i_validate_text_something_on_homepage(String)
    And I click on Assign leave tile                                                                  # StepDefinition.i_click_on_assign_leave_tile()
    And I select value "Jasmine Morgan" from Employee name auto suggest dropdown in assign leave page # StepDefinition.i_select_value_something_from_employee_name_auto_suggest_dropdown(String)
    And I select value "CAN - Bereavement" from leave type dropdown in assign leave page              # StepDefinition.i_select_value_something_from_leave_type_dropdown(String)
    And I click on view details link and validate pop up data in assign leave page                    # StepDefinition.i_click_on_view_details_link_and_validate_pop_up_data()
    And I select date from From Date date picker in assign leave page                                 # StepDefinition.i_select_date_from_from_date_date_picker()
    And I select date from To Date date picker in assign leave page                                   # StepDefinition.i_select_date_from_to_date_date_picker()
    And I click on assign button in assign leave page                                                 # StepDefinition.i_click_on_assign_button()
]]></system-out>
    <system-err><![CDATA[SLF4J: Failed to load class "org.slf4j.impl.StaticLoggerBinder".
SLF4J: Defaulting to no-operation (NOP) logger implementation
SLF4J: See http://www.slf4j.org/codes.html#StaticLoggerBinder for further details.
Starting ChromeDriver 95.0.4638.69 (6a1600ed572fedecd573b6c2b90a22fe6392a410-refs/branch-heads/4638@{#984}) on port 50899
Only local connections are allowed.
Please see https://chromedriver.chromium.org/security-considerations for suggestions on keeping ChromeDriver safe.
ChromeDriver was started successfully.
Nov 10, 2021 2:09:55 PM org.openqa.selenium.remote.ProtocolHandshake createSession
INFO: Detected dialect: W3C
Nov 10, 2021 2:09:56 PM org.openqa.selenium.devtools.CdpVersionFinder findNearestMatch
INFO: Found exact CDP implementation for version 95
]]></system-err>
  </testcase>
  <testcase name="feature[Orange HRM - Recruitment](2)" classname="cucumber.options.TestRunner" time="102.252">
    <failure message="org.openqa.selenium.NoSuchElementException: Cannot locate option with text: IT Manager&#10;For documentation on this error, please visit: https://selenium.dev/exceptions/#no_such_element&#10;Build info: version: &apos;4.0.0&apos;, revision: &apos;3a21814679&apos;&#10;System info: host: &apos;DESKTOP-D1GOMAD&apos;, ip: &apos;192.168.0.184&apos;, os.name: &apos;Windows 10&apos;, os.arch: &apos;amd64&apos;, os.version: &apos;10.0&apos;, java.version: &apos;11.0.10&apos;&#10;Driver info: driver.version: unknown" type="cucumber.runtime.CucumberException"><![CDATA[cucumber.runtime.CucumberException: 
org.openqa.selenium.NoSuchElementException: Cannot locate option with text: IT Manager
For documentation on this error, please visit: https://selenium.dev/exceptions/#no_such_element
Build info: version: '4.0.0', revision: '3a21814679'
System info: host: 'DESKTOP-D1GOMAD', ip: '192.168.0.184', os.name: 'Windows 10', os.arch: 'amd64', os.version: '10.0', java.version: '11.0.10'
Driver info: driver.version: unknown
Caused by: org.openqa.selenium.NoSuchElementException: 
Cannot locate option with text: IT Manager
For documentation on this error, please visit: https://selenium.dev/exceptions/#no_such_element
Build info: version: '4.0.0', revision: '3a21814679'
System info: host: 'DESKTOP-D1GOMAD', ip: '192.168.0.184', os.name: 'Windows 10', os.arch: 'amd64', os.version: '10.0', java.version: '11.0.10'
Driver info: driver.version: unknown
]]></failure>
    <system-out><![CDATA[Feature: Orange HRM - Recruitment
chrome
Dashboard

  Background:                                    # orangeHRM_recruitment.feature:3
    Given I navigate to Orange HRM page          # StepDefinition.i_navigate_to_orange_hrm_page()
    And I enter username "Admin"                 # StepDefinition.i_enter_username_something(String)
    And I enter password "admin123"              # StepDefinition.i_enter_password_something(String)
    When I click on Login button                 # StepDefinition.i_click_on_login_button()
    Then I validate text "Dashboard" on homepage # StepDefinition.i_validate_text_something_on_homepage(String)
    And I click on Recruitment tab               # StepDefinition.i_click_on_recruitment_tab()
23

  Scenario: Validate blank search                                            # orangeHRM_recruitment.feature:11
    And I click on Search button in recruitment page                         # StepDefinition.i_click_on_search_button_in_recruitment_page()
    Then I validate search results retreive "10" records in recruitment page # StepDefinition.i_validate_search_results_retreive_something_records_in_recruitment_page(String)

  Scenario Outline: Validate specific search                                                          # orangeHRM_recruitment.feature:15
    And I select value <jobtitle> from job title dropdown in recruitment page
    And I select value <vacancy> from vacancy dropdown in recruitment page
    And I select value <hiringmanager> from hiring manager dropdown in recruitment page
    When I click on Search button in recruitment page
    Then I validate search results retreive <records> records for specific search in recruitment page

    Examples: 
chrome
Dashboard

  Background:                                    # orangeHRM_recruitment.feature:3
    Given I navigate to Orange HRM page          # StepDefinition.i_navigate_to_orange_hrm_page()
    And I enter username "Admin"                 # StepDefinition.i_enter_username_something(String)
    And I enter password "admin123"              # StepDefinition.i_enter_password_something(String)
    When I click on Login button                 # StepDefinition.i_click_on_login_button()
    Then I validate text "Dashboard" on homepage # StepDefinition.i_validate_text_something_on_homepage(String)
    And I click on Recruitment tab               # StepDefinition.i_click_on_recruitment_tab()

  Scenario Outline: Validate specific search                                                  # orangeHRM_recruitment.feature:24
    And I select value IT Manager from job title dropdown in recruitment page                 # StepDefinition.i_select_value_from_job_title_dropdown_in_recruitment_page(String)
      org.openqa.selenium.NoSuchElementException: Cannot locate option with text: IT Manager
      For documentation on this error, please visit: https://selenium.dev/exceptions/#no_such_element
      Build info: version: '4.0.0', revision: '3a21814679'
      System info: host: 'DESKTOP-D1GOMAD', ip: '192.168.0.184', os.name: 'Windows 10', os.arch: 'amd64', os.version: '10.0', java.version: '11.0.10'
      Driver info: driver.version: unknown
      	at org.openqa.selenium.support.ui.Select.selectByVisibleText(Select.java:151)
      	at stepDefinitions.StepDefinition.i_select_value_from_job_title_dropdown_in_recruitment_page(StepDefinition.java:147)
      	at ?.And I select value IT Manager from job title dropdown in recruitment page(orangeHRM_recruitment.feature:16)

    And I select value Associate IT Manager from vacancy dropdown in recruitment page         # StepDefinition.i_select_value_from_vacancy_dropdown_in_recruitment_page(String)
    And I select value Odis Adalwin from hiring manager dropdown in recruitment page          # StepDefinition.i_select_value_from_hiring_manager_dropdown_in_recruitment_page(String)
    When I click on Search button in recruitment page                                         # StepDefinition.i_click_on_search_button_in_recruitment_page()
    Then I validate search results retreive 1 records for specific search in recruitment page # StepDefinition.i_validate_search_results_retreive_records_for_specific_search_in_recruitment_page(String)
chrome
Dashboard

  Background:                                    # orangeHRM_recruitment.feature:3
    Given I navigate to Orange HRM page          # StepDefinition.i_navigate_to_orange_hrm_page()
    And I enter username "Admin"                 # StepDefinition.i_enter_username_something(String)
    And I enter password "admin123"              # StepDefinition.i_enter_password_something(String)
    When I click on Login button                 # StepDefinition.i_click_on_login_button()
    Then I validate text "Dashboard" on homepage # StepDefinition.i_validate_text_something_on_homepage(String)
    And I click on Recruitment tab               # StepDefinition.i_click_on_recruitment_tab()

  Scenario Outline: Validate specific search                                                  # orangeHRM_recruitment.feature:25
    And I select value Software Engineer from job title dropdown in recruitment page          # StepDefinition.i_select_value_from_job_title_dropdown_in_recruitment_page(String)
      org.openqa.selenium.NoSuchElementException: Cannot locate option with text: Software Engineer
      For documentation on this error, please visit: https://selenium.dev/exceptions/#no_such_element
      Build info: version: '4.0.0', revision: '3a21814679'
      System info: host: 'DESKTOP-D1GOMAD', ip: '192.168.0.184', os.name: 'Windows 10', os.arch: 'amd64', os.version: '10.0', java.version: '11.0.10'
      Driver info: driver.version: unknown
      	at org.openqa.selenium.support.ui.Select.selectByVisibleText(Select.java:151)
      	at stepDefinitions.StepDefinition.i_select_value_from_job_title_dropdown_in_recruitment_page(StepDefinition.java:147)
      	at ?.And I select value Software Engineer from job title dropdown in recruitment page(orangeHRM_recruitment.feature:16)

    And I select value Software Engineer from vacancy dropdown in recruitment page            # StepDefinition.i_select_value_from_vacancy_dropdown_in_recruitment_page(String)
    And I select value Odis Adalwin from hiring manager dropdown in recruitment page          # StepDefinition.i_select_value_from_hiring_manager_dropdown_in_recruitment_page(String)
    When I click on Search button in recruitment page                                         # StepDefinition.i_click_on_search_button_in_recruitment_page()
    Then I validate search results retreive 1 records for specific search in recruitment page # StepDefinition.i_validate_search_results_retreive_records_for_specific_search_in_recruitment_page(String)
]]></system-out>
    <system-err><![CDATA[Starting ChromeDriver 95.0.4638.69 (6a1600ed572fedecd573b6c2b90a22fe6392a410-refs/branch-heads/4638@{#984}) on port 60281
Only local connections are allowed.
Please see https://chromedriver.chromium.org/security-considerations for suggestions on keeping ChromeDriver safe.
ChromeDriver was started successfully.
Nov 10, 2021 2:10:21 PM org.openqa.selenium.remote.ProtocolHandshake createSession
INFO: Detected dialect: W3C
Nov 10, 2021 2:10:21 PM org.openqa.selenium.devtools.CdpVersionFinder findNearestMatch
INFO: Found exact CDP implementation for version 95
Starting ChromeDriver 95.0.4638.69 (6a1600ed572fedecd573b6c2b90a22fe6392a410-refs/branch-heads/4638@{#984}) on port 65268
Only local connections are allowed.
Please see https://chromedriver.chromium.org/security-considerations for suggestions on keeping ChromeDriver safe.
ChromeDriver was started successfully.
Nov 10, 2021 2:10:43 PM org.openqa.selenium.remote.ProtocolHandshake createSession
INFO: Detected dialect: W3C
Nov 10, 2021 2:10:43 PM org.openqa.selenium.devtools.CdpVersionFinder findNearestMatch
INFO: Found exact CDP implementation for version 95
Starting ChromeDriver 95.0.4638.69 (6a1600ed572fedecd573b6c2b90a22fe6392a410-refs/branch-heads/4638@{#984}) on port 60414
Only local connections are allowed.
Please see https://chromedriver.chromium.org/security-considerations for suggestions on keeping ChromeDriver safe.
ChromeDriver was started successfully.
Nov 10, 2021 2:11:23 PM org.openqa.selenium.remote.ProtocolHandshake createSession
INFO: Detected dialect: W3C
Nov 10, 2021 2:11:23 PM org.openqa.selenium.devtools.CdpVersionFinder findNearestMatch
INFO: Found exact CDP implementation for version 95
]]></system-err>
  </testcase>
</testsuite>