<?xml version="1.0" encoding="UTF-8"?>
<testng-results ignored="0" total="1" passed="1" failed="0" skipped="0">
  <reporter-output>
  </reporter-output>
  <suite started-at="2021-11-09T15:23:16 IST" name="Suite" finished-at="2021-11-09T15:23:32 IST" duration-ms="15436">
    <groups>
      <group name="cucumber">
        <method signature="AbstractTestNGCucumberTests.feature(cucumber.api.testng.CucumberFeatureWrapper)[pri:0, instance:cucumber.options.TestRunner@5d066c7d]" name="feature" class="cucumber.api.testng.AbstractTestNGCucumberTests"/>
      </group> <!-- cucumber -->
    </groups>
    <test started-at="2021-11-09T15:23:16 IST" name="test1" finished-at="2021-11-09T15:23:32 IST" duration-ms="15436">
      <class name="cucumber.options.TestRunner">
        <test-method is-config="true" signature="setUpClass()[pri:0, instance:cucumber.options.TestRunner@5d066c7d]" started-at="2021-11-09T15:23:16 IST" name="setUpClass" finished-at="2021-11-09T15:23:17 IST" duration-ms="661" status="PASS">
          <reporter-output>
          </reporter-output>
        </test-method> <!-- setUpClass -->
        <test-method signature="feature(cucumber.api.testng.CucumberFeatureWrapper)[pri:0, instance:cucumber.options.TestRunner@5d066c7d]" started-at="2021-11-09T15:23:17 IST" name="feature" description="Runs Cucumber Feature" data-provider="features" finished-at="2021-11-09T15:23:32 IST" duration-ms="14493" status="PASS">
          <params>
            <param index="0">
              <value>
                <![CDATA[Orange HRM - Scenario1]]>
              </value>
            </param>
          </params>
          <reporter-output>
          </reporter-output>
        </test-method> <!-- feature -->
        <test-method is-config="true" signature="tearDownClass()[pri:0, instance:cucumber.options.TestRunner@5d066c7d]" started-at="2021-11-09T15:23:32 IST" name="tearDownClass" finished-at="2021-11-09T15:23:32 IST" duration-ms="8" status="PASS">
          <reporter-output>
          </reporter-output>
        </test-method> <!-- tearDownClass -->
      </class> <!-- cucumber.options.TestRunner -->
    </test> <!-- test1 -->
  </suite> <!-- Suite -->
</testng-results>
